\BOOKMARK [0][-]{section*.5}{\315ndice general}{}
\BOOKMARK [0][-]{section*.7}{\315ndice de tablas}{}
\BOOKMARK [0][-]{section*.9}{Indice de figuras}{}
\BOOKMARK [0][-]{chapter.1}{Introducci\363n}{}
\BOOKMARK [1][-]{section.1.1}{Objetivos}{chapter.1}
\BOOKMARK [1][-]{section.1.2}{Contexto: Historia sobre la teor\355a de grafos}{chapter.1}
\BOOKMARK [1][-]{section.1.3}{Alcance}{chapter.1}
\BOOKMARK [1][-]{section.1.4}{Visi\363n global}{chapter.1}
\BOOKMARK [1][-]{section.1.5}{Software utilizado}{chapter.1}
\BOOKMARK [2][-]{subsection.1.5.1}{Licencia}{section.1.5}
\BOOKMARK [0][-]{chapter.2}{Conceptos b\341sicos}{}
\BOOKMARK [1][-]{section.2.1}{Generalidad}{chapter.2}
\BOOKMARK [1][-]{section.2.2}{Definici\363n formal}{chapter.2}
\BOOKMARK [1][-]{section.2.3}{Tipos de grafos}{chapter.2}
\BOOKMARK [2][-]{subsection.2.3.1}{Grafos lineales}{section.2.3}
\BOOKMARK [2][-]{subsection.2.3.2}{Grafos circulares}{section.2.3}
\BOOKMARK [2][-]{subsection.2.3.3}{Grafos completos}{section.2.3}
\BOOKMARK [2][-]{subsection.2.3.4}{Grafos vac\355os}{section.2.3}
\BOOKMARK [2][-]{subsection.2.3.5}{Grafo regular}{section.2.3}
\BOOKMARK [2][-]{subsection.2.3.6}{Grafo complementario}{section.2.3}
\BOOKMARK [2][-]{subsection.2.3.7}{Grafos bipartitos}{section.2.3}
\BOOKMARK [2][-]{subsection.2.3.8}{Multigrafos}{section.2.3}
\BOOKMARK [2][-]{subsection.2.3.9}{Pseudografo}{section.2.3}
\BOOKMARK [2][-]{subsection.2.3.10}{Digrafo}{section.2.3}
\BOOKMARK [1][-]{section.2.4}{V\351rtices adyacentes}{chapter.2}
\BOOKMARK [1][-]{section.2.5}{V\351rtices incidentes}{chapter.2}
\BOOKMARK [1][-]{section.2.6}{Representaci\363n gr\341fica}{chapter.2}
\BOOKMARK [2][-]{subsection.2.6.1}{Matriz de adyacencia}{section.2.6}
\BOOKMARK [2][-]{subsection.2.6.2}{Matriz de incidencia}{section.2.6}
\BOOKMARK [2][-]{subsection.2.6.3}{Listas de adyacencia}{section.2.6}
\BOOKMARK [2][-]{subsection.2.6.4}{Principal ventaja de uso}{section.2.6}
\BOOKMARK [1][-]{section.2.7}{Grados}{chapter.2}
\BOOKMARK [2][-]{subsection.2.7.1}{Grado de un v\351rtice}{section.2.7}
\BOOKMARK [2][-]{subsection.2.7.2}{V\351rtice aislado}{section.2.7}
\BOOKMARK [2][-]{subsection.2.7.3}{Suma de los grados de un grafo}{section.2.7}
\BOOKMARK [2][-]{subsection.2.7.4}{Grado de entrada y de salida}{section.2.7}
\BOOKMARK [1][-]{section.2.8}{Isomorfismo}{chapter.2}
\BOOKMARK [2][-]{subsection.2.8.1}{Isomorfismo de grafos}{section.2.8}
\BOOKMARK [1][-]{section.2.9}{Subgrafos}{chapter.2}
\BOOKMARK [2][-]{subsection.2.9.1}{Definici\363n}{section.2.9}
\BOOKMARK [2][-]{subsection.2.9.2}{Eliminaci\363n de aristas}{section.2.9}
\BOOKMARK [2][-]{subsection.2.9.3}{Eliminaci\363n de v\351rtices}{section.2.9}
\BOOKMARK [1][-]{section.2.10}{Caminos y ciclos}{chapter.2}
\BOOKMARK [2][-]{subsection.2.10.1}{Camino}{section.2.10}
\BOOKMARK [2][-]{subsection.2.10.2}{Ciclo}{section.2.10}
\BOOKMARK [1][-]{section.2.11}{Conexi\363n en grafos}{chapter.2}
\BOOKMARK [2][-]{subsection.2.11.1}{V\351rtices conectados}{section.2.11}
\BOOKMARK [2][-]{subsection.2.11.2}{Grafos conexos}{section.2.11}
\BOOKMARK [2][-]{subsection.2.11.3}{Proposici\363n}{section.2.11}
\BOOKMARK [2][-]{subsection.2.11.4}{Componentes conexas de un grafo}{section.2.11}
\BOOKMARK [2][-]{subsection.2.11.5}{Puntos de corte}{section.2.11}
\BOOKMARK [2][-]{subsection.2.11.6}{Puentes}{section.2.11}
\BOOKMARK [1][-]{section.2.12}{Estructura de partici\363n}{chapter.2}
\BOOKMARK [1][-]{section.2.13}{Disperso frente a denso}{chapter.2}
\BOOKMARK [0][-]{chapter.3}{Algoritmos de grafos}{}
\BOOKMARK [1][-]{section.3.1}{Caminos y ciclos de Euler}{chapter.3}
\BOOKMARK [2][-]{subsection.3.1.1}{Ciclo de Euler}{section.3.1}
\BOOKMARK [2][-]{subsection.3.1.2}{Grafo euleriano}{section.3.1}
\BOOKMARK [2][-]{subsection.3.1.3}{Primer lema}{section.3.1}
\BOOKMARK [2][-]{subsection.3.1.4}{Camino de Euler}{section.3.1}
\BOOKMARK [2][-]{subsection.3.1.5}{Segundo lema}{section.3.1}
\BOOKMARK [2][-]{subsection.3.1.6}{Tercer lema}{section.3.1}
\BOOKMARK [1][-]{section.3.2}{Caminos y ciclos de Hamilton}{chapter.3}
\BOOKMARK [2][-]{subsection.3.2.1}{Ciclo de Hamilton}{section.3.2}
\BOOKMARK [2][-]{subsection.3.2.2}{Grafo hamiltoniano}{section.3.2}
\BOOKMARK [2][-]{subsection.3.2.3}{Camino de Hamilton}{section.3.2}
\BOOKMARK [1][-]{section.3.3}{Grafos ponderados}{chapter.3}
\BOOKMARK [2][-]{subsection.3.3.1}{Caminos m\341s cortos desde un v\351rtice: Dijkstra}{section.3.3}
\BOOKMARK [2][-]{subsection.3.3.2}{Caminos m\341s cortos desde un v\351rtice: Bellman-Ford}{section.3.3}
\BOOKMARK [2][-]{subsection.3.3.3}{Caminos m\341s cortos: Floyd}{section.3.3}
\BOOKMARK [2][-]{subsection.3.3.4}{Existencia de caminos: Warshall}{section.3.3}
\BOOKMARK [2][-]{subsection.3.3.5}{\301rboles de expansi\363n m\355nimos}{section.3.3}
\BOOKMARK [2][-]{subsection.3.3.6}{\301rboles de expansi\363n m\355nimo: Kruskal}{section.3.3}
\BOOKMARK [2][-]{subsection.3.3.7}{\301rboles de expansi\363n m\355nimo: Prim}{section.3.3}
\BOOKMARK [1][-]{section.3.4}{B\372squeda en grafos}{chapter.3}
\BOOKMARK [2][-]{subsection.3.4.1}{B\372squeda en profundidad \(Depth-First Search\)}{section.3.4}
\BOOKMARK [2][-]{subsection.3.4.2}{B\372squeda en anchura \(Breadth-First Search\)}{section.3.4}
\BOOKMARK [1][-]{section.3.5}{Coloraci\363n}{chapter.3}
\BOOKMARK [2][-]{subsection.3.5.1}{V\351rtice coloraciones}{section.3.5}
\BOOKMARK [1][-]{section.3.6}{Ordenaci\363n topol\363gica}{chapter.3}
\BOOKMARK [0][-]{chapter.4}{La complejidad algor\355tmica}{}
\BOOKMARK [1][-]{section.4.1}{Notaci\363n asint\363tica}{chapter.4}
\BOOKMARK [2][-]{subsection.4.1.1}{La O may\372scula}{section.4.1}
\BOOKMARK [2][-]{subsection.4.1.2}{Formas de crecimiento frecuentes}{section.4.1}
\BOOKMARK [2][-]{subsection.4.1.3}{Indecibilidad}{section.4.1}
\BOOKMARK [2][-]{subsection.4.1.4}{La m\341quina de Turing}{section.4.1}
\BOOKMARK [2][-]{subsection.4.1.5}{Notaci\363n para la m\341quina de Turing}{section.4.1}
\BOOKMARK [2][-]{subsection.4.1.6}{Intratabilidad}{section.4.1}
\BOOKMARK [1][-]{section.4.2}{NP-completitud}{chapter.4}
\BOOKMARK [1][-]{section.4.3}{Las clases P y NP}{chapter.4}
\BOOKMARK [2][-]{subsection.4.3.1}{Reducciones polin\363micas}{section.4.3}
\BOOKMARK [2][-]{subsection.4.3.2}{Problemas NP-completos}{section.4.3}
\BOOKMARK [2][-]{subsection.4.3.3}{Algunas demostraciones para NP-completitud}{section.4.3}
\BOOKMARK [2][-]{subsection.4.3.4}{Problemas NP-dif\355ciles}{section.4.3}
\BOOKMARK [2][-]{subsection.4.3.5}{Algoritmos no deterministas}{section.4.3}
\BOOKMARK [0][-]{chapter.5}{Conclusiones}{}
\BOOKMARK [1][-]{section.5.1}{Expectativas de futuro}{chapter.5}
\BOOKMARK [0][-]{chapter.6}{Organizaci\363n temporal}{}
\BOOKMARK [0][-]{chapter.7}{Gu\355a de usuario}{}
\BOOKMARK [1][-]{section.7.1}{Interfaz gr\341fica}{chapter.7}
\BOOKMARK [1][-]{section.7.2}{Componentes GUI en java}{chapter.7}
\BOOKMARK [1][-]{section.7.3}{Introducci\363n}{chapter.7}
\BOOKMARK [1][-]{section.7.4}{Objetivo de esta gu\355a}{chapter.7}
\BOOKMARK [1][-]{section.7.5}{Dirigido a}{chapter.7}
\BOOKMARK [1][-]{section.7.6}{Convenciones y est\341ndares a utilizar}{chapter.7}
\BOOKMARK [2][-]{subsection.7.6.1}{Convenciones del uso del rat\363n}{section.7.6}
\BOOKMARK [2][-]{subsection.7.6.2}{Convenciones del uso del teclado}{section.7.6}
\BOOKMARK [1][-]{section.7.7}{Ingreso al sistema}{chapter.7}
\BOOKMARK [2][-]{subsection.7.7.1}{Como acceder a la suite}{section.7.7}
\BOOKMARK [1][-]{section.7.8}{Operaciones de la suite}{chapter.7}
\BOOKMARK [2][-]{subsection.7.8.1}{...}{section.7.8}
\BOOKMARK [2][-]{subsection.7.8.2}{Men\372 principal}{section.7.8}
\BOOKMARK [2][-]{subsection.7.8.3}{...}{section.7.8}
\BOOKMARK [1][-]{section.7.9}{\315ndice}{chapter.7}
\BOOKMARK [0][-]{section*.63}{Bibliograf\355a}{}
\BOOKMARK [0][-]{chapter*.64}{GNU Documentation Free License}{}
