\BOOKMARK [1][-]{section*.2}{\315ndice}{}
\BOOKMARK [1][-]{section.1}{Introducci\363n}{}
\BOOKMARK [2][-]{subsection.1.1}{Objetivos}{section.1}
\BOOKMARK [2][-]{subsection.1.2}{Contexto: Historia sobre la teor\355a de grafos}{section.1}
\BOOKMARK [2][-]{subsection.1.3}{Alcance}{section.1}
\BOOKMARK [2][-]{subsection.1.4}{Visi\363n global}{section.1}
\BOOKMARK [2][-]{subsection.1.5}{Software utilizado}{section.1}
\BOOKMARK [3][-]{subsubsection.1.5.1}{Licencia}{subsection.1.5}
\BOOKMARK [1][-]{section.2}{Conceptos b\341sicos}{}
\BOOKMARK [2][-]{subsection.2.1}{Generalidad}{section.2}
\BOOKMARK [2][-]{subsection.2.2}{Definici\363n formal}{section.2}
\BOOKMARK [2][-]{subsection.2.3}{Disperso frente a Denso}{section.2}
\BOOKMARK [1][-]{section.3}{Algoritmos}{}
\BOOKMARK [1][-]{section.4}{La complejidad algor\355tmica}{}
\BOOKMARK [2][-]{subsection.4.1}{Notaci\363n Asint\363tica}{section.4}
\BOOKMARK [3][-]{subsubsection.4.1.1}{La O may\372scula}{subsection.4.1}
\BOOKMARK [1][-]{section.5}{Conclusiones}{}
\BOOKMARK [2][-]{subsection.5.1}{Expectativas de futuro}{section.5}
\BOOKMARK [1][-]{section.6}{Organizaci\363n temporal}{}
\BOOKMARK [1][-]{section.7}{Pruebas}{}
\BOOKMARK [2][-]{subsection.7.1}{Plan de pruebas}{section.7}
\BOOKMARK [3][-]{subsubsection.7.1.1}{Introducci\363n}{subsection.7.1}
\BOOKMARK [1][-]{section.8}{Interfaz gr\341fica}{}
\BOOKMARK [1][-]{section*.4}{Referencias}{}
